<?xml version="1.0" encoding="UTF-8" ?>
<testsuite errors="1" failures="0" hostname="SP164cray05WIN7" name="edu.uml.nschell.TestXMLParse" tests="1" time="0.0" timestamp="2014-03-12T18:33:23">
  <properties>
    <property name="java.vendor" value="Oracle Corporation" />
    <property name="lib.dir" value="lib" />
    <property name="sun.java.launcher" value="SUN_STANDARD" />
    <property name="sun.management.compiler" value="HotSpot 64-Bit Tiered Compilers" />
    <property name="ant.file.SecureMessageRepository Project" value="C:\Users\SPHQlocaladmin\IdeaProjects\SecureMessageRepository\build.xml" />
    <property name="os.name" value="Windows 7" />
    <property name="sun.boot.class.path" value="C:\jdk1.7.0_25\jre\lib\resources.jar;C:\jdk1.7.0_25\jre\lib\rt.jar;C:\jdk1.7.0_25\jre\lib\sunrsasign.jar;C:\jdk1.7.0_25\jre\lib\jsse.jar;C:\jdk1.7.0_25\jre\lib\jce.jar;C:\jdk1.7.0_25\jre\lib\charsets.jar;C:\jdk1.7.0_25\jre\lib\jfr.jar;C:\jdk1.7.0_25\jre\classes" />
    <property name="sun.desktop" value="windows" />
    <property name="java.vm.specification.vendor" value="Oracle Corporation" />
    <property name="ant.home" value="C:\Program Files (x86)\JetBrains\IntelliJ IDEA Community Edition 13.0.2\lib\ant" />
    <property name="java.runtime.version" value="1.7.0_25-b17" />
    <property name="user.name" value="SPHQlocaladmin" />
    <property name="build.dir" value="build" />
    <property name="user.language" value="en" />
    <property name="sun.boot.library.path" value="C:\jdk1.7.0_25\jre\bin" />
    <property name="ant.project.default-target" value="all" />
    <property name="ant.project.name" value="SecureMessageRepository Project" />
    <property name="java.version" value="1.7.0_25" />
    <property name="user.timezone" value="" />
    <property name="sun.arch.data.model" value="64" />
    <property name="java.endorsed.dirs" value="C:\jdk1.7.0_25\jre\lib\endorsed" />
    <property name="sun.cpu.isalist" value="amd64" />
    <property name="sun.jnu.encoding" value="Cp1252" />
    <property name="file.encoding.pkg" value="sun.io" />
    <property name="file.separator" value="\" />
    <property name="ant.file.type.SecureMessageRepository Project" value="file" />
    <property name="java.specification.name" value="Java Platform API Specification" />
    <property name="classes.dir" value="build\classes" />
    <property name="java.class.version" value="51.0" />
    <property name="user.country" value="US" />
    <property name="java.home" value="C:\jdk1.7.0_25\jre" />
    <property name="java.vm.info" value="mixed mode" />
    <property name="ant.file" value="C:\Users\SPHQlocaladmin\IdeaProjects\SecureMessageRepository\build.xml" />
    <property name="os.version" value="6.1" />
    <property name="path.separator" value=";" />
    <property name="java.vm.version" value="23.25-b01" />
    <property name="report.dir" value="build\report" />
    <property name="user.variant" value="" />
    <property name="ant.library.dir" value="C:\Program Files (x86)\JetBrains\IntelliJ IDEA Community Edition 13.0.2\lib\ant\lib" />
    <property name="java.awt.printerjob" value="sun.awt.windows.WPrinterJob" />
    <property name="sun.io.unicode.encoding" value="UnicodeLittle" />
    <property name="src-test.dir" value="src\test\src" />
    <property name="awt.toolkit" value="sun.awt.windows.WToolkit" />
    <property name="user.script" value="" />
    <property name="user.home" value="C:\Users\SPHQlocaladmin" />
    <property name="java.specification.vendor" value="Oracle Corporation" />
    <property name="java.library.path" value="C:\jdk1.7.0_25\jre\bin;C:\Windows\Sun\Java\bin;C:\Windows\system32;C:\Windows;C:\Windows\system32;C:\Windows;C:\Windows\System32\Wbem;C:\Windows\System32\WindowsPowerShell\v1.0\;C:\Program Files\Intel\WiFi\bin\;C:\Program Files\Common Files\Intel\WirelessCommon\;C:\Program Files\Microsoft SQL Server\110\Tools\Binn\;c:\Program Files (x86)\Microsoft SQL Server\90\Tools\binn\;C:\python27\;." />
    <property name="java.vendor.url" value="http://java.oracle.com/" />
    <property name="java.vm.vendor" value="Oracle Corporation" />
    <property name="java.runtime.name" value="Java(TM) SE Runtime Environment" />
    <property name="sun.java.command" value="org.apache.tools.ant.taskdefs.optional.junit.JUnitTestRunner edu.uml.nschell.TestXMLParse filtertrace=true haltOnError=false haltOnFailure=false formatter=org.apache.tools.ant.taskdefs.optional.junit.SummaryJUnitResultFormatter showoutput=true outputtoformatters=true logfailedtests=true logtestlistenerevents=false formatter=org.apache.tools.ant.taskdefs.optional.junit.XMLJUnitResultFormatter,C:\Users\SPHQlocaladmin\IdeaProjects\SecureMessageRepository\build\report\TEST-edu.uml.nschell.TestXMLParse.xml crashfile=C:\Users\SPHQlocaladmin\IdeaProjects\SecureMessageRepository\junitvmwatcher4563940658520325797.properties propsfile=C:\Users\SPHQlocaladmin\IdeaProjects\SecureMessageRepository\junit1682892417467802245.properties" />
    <property name="java.class.path" value="C:\Users\SPHQlocaladmin\IdeaProjects\SecureMessageRepository\build\classes;C:\Users\SPHQlocaladmin\IdeaProjects\SecureMessageRepository\lib\junit-4.11-SNAPSHOT-20120416-1530.jar;C:\Users\SPHQlocaladmin\IdeaProjects\SecureMessageRepository\lib\mockito-all-1.9.5.jar;C:\Program Files (x86)\JetBrains\IntelliJ IDEA Community Edition 13.0.2\lib\ant\lib\ant-launcher.jar;C:\Program Files (x86)\JetBrains\IntelliJ IDEA Community Edition 13.0.2\lib\ant\lib\ant.jar;C:\Program Files (x86)\JetBrains\IntelliJ IDEA Community Edition 13.0.2\lib\ant\lib\ant-junit.jar" />
    <property name="ant.version" value="Apache Ant(TM) version 1.8.2 compiled on December 20 2010" />
    <property name="java.vm.specification.name" value="Java Virtual Machine Specification" />
    <property name="ant.file.type" value="file" />
    <property name="java.vm.specification.version" value="1.7" />
    <property name="sun.cpu.endian" value="little" />
    <property name="sun.os.patch.level" value="Service Pack 1" />
    <property name="java.io.tmpdir" value="C:\Users\SPHQLO~1\AppData\Local\Temp\" />
    <property name="java.vendor.url.bug" value="http://bugreport.sun.com/bugreport/" />
    <property name="os.arch" value="amd64" />
    <property name="java.awt.graphicsenv" value="sun.awt.Win32GraphicsEnvironment" />
    <property name="java.ext.dirs" value="C:\jdk1.7.0_25\jre\lib\ext;C:\Windows\Sun\Java\lib\ext" />
    <property name="user.dir" value="C:\Users\SPHQlocaladmin\IdeaProjects\SecureMessageRepository" />
    <property name="line.separator" value="&#xd;&#xa;" />
    <property name="java.vm.name" value="Java HotSpot(TM) 64-Bit Server VM" />
    <property name="basedir" value="C:\Users\SPHQlocaladmin\IdeaProjects\SecureMessageRepository" />
    <property name="ant.java.version" value="1.7" />
    <property name="ant.core.lib" value="C:\Program Files (x86)\JetBrains\IntelliJ IDEA Community Edition 13.0.2\lib\ant\lib\ant.jar" />
    <property name="file.encoding" value="Cp1252" />
    <property name="java.specification.version" value="1.7" />
    <property name="src.dir" value="src\main\src" />
    <property name="ant.project.invoked-targets" value="test" />
  </properties>
  <error message="edu.uml.nschell.TestXMLParse" type="java.lang.ClassNotFoundException">java.lang.ClassNotFoundException: edu.uml.nschell.TestXMLParse
	at java.net.URLClassLoader$1.run(URLClassLoader.java:366)
	at java.net.URLClassLoader$1.run(URLClassLoader.java:355)
	at java.security.AccessController.doPrivileged(Native Method)
	at java.net.URLClassLoader.findClass(URLClassLoader.java:354)
	at java.lang.ClassLoader.loadClass(ClassLoader.java:424)
	at sun.misc.Launcher$AppClassLoader.loadClass(Launcher.java:308)
	at java.lang.ClassLoader.loadClass(ClassLoader.java:357)
	at java.lang.Class.forName0(Native Method)
	at java.lang.Class.forName(Class.java:190)
</error>
  <system-out><![CDATA[]]></system-out>
  <system-err><![CDATA[]]></system-err>
</testsuite>
